The system is: Windows - 10.0.19045 - AMD64
Compiling the C compiler identification source file "CMakeCCompilerId.c" succeeded.
Compiler: D:/mingw/bin/gcc.exe 
Build flags: 
Id flags:  

The output was:
0


Compilation of the C compiler identification source "CMakeCCompilerId.c" produced "a.exe"

The C compiler identification is GNU, found in "D:/C++_Vscode/qd_language/build/CMakeFiles/3.22.1/CompilerIdC/a.exe"

Compiling the CXX compiler identification source file "CMakeCXXCompilerId.cpp" succeeded.
Compiler: D:/mingw/bin/g++.exe 
Build flags: 
Id flags:  

The output was:
0


Compilation of the CXX compiler identification source "CMakeCXXCompilerId.cpp" produced "a.exe"

The CXX compiler identification is GNU, found in "D:/C++_Vscode/qd_language/build/CMakeFiles/3.22.1/CompilerIdCXX/a.exe"

Determining if the C compiler works passed with the following output:
Change Dir: D:/C++_Vscode/qd_language/build/CMakeFiles/CMakeTmp

Run Build Command(s):D:/mingw/bin/mingw32-make.exe -f Makefile cmTC_3092f/fast && D:/mingw/bin/mingw32-make.exe  -f CMakeFiles\cmTC_3092f.dir\build.make CMakeFiles/cmTC_3092f.dir/build
mingw32-make.exe[1]: Entering directory 'D:/C++_Vscode/qd_language/build/CMakeFiles/CMakeTmp'
Building C object CMakeFiles/cmTC_3092f.dir/testCCompiler.c.obj
D:\mingw\bin\gcc.exe    -o CMakeFiles\cmTC_3092f.dir\testCCompiler.c.obj -c D:\C++_Vscode\qd_language\build\CMakeFiles\CMakeTmp\testCCompiler.c
Linking C executable cmTC_3092f.exe
D:\cmake\bin\cmake.exe -E cmake_link_script CMakeFiles\cmTC_3092f.dir\link.txt --verbose=1
D:\cmake\bin\cmake.exe -E rm -f CMakeFiles\cmTC_3092f.dir/objects.a
D:\mingw\bin\ar.exe qc CMakeFiles\cmTC_3092f.dir/objects.a @CMakeFiles\cmTC_3092f.dir\objects1.rsp
D:\mingw\bin\gcc.exe -Wl,--whole-archive CMakeFiles\cmTC_3092f.dir/objects.a -Wl,--no-whole-archive -o cmTC_3092f.exe -Wl,--out-implib,libcmTC_3092f.dll.a -Wl,--major-image-version,0,--minor-image-version,0 @CMakeFiles\cmTC_3092f.dir\linklibs.rsp
mingw32-make.exe[1]: Leaving directory 'D:/C++_Vscode/qd_language/build/CMakeFiles/CMakeTmp'



Determining if the CXX compiler works passed with the following output:
Change Dir: D:/C++_Vscode/qd_language/build/CMakeFiles/CMakeTmp

Run Build Command(s):D:/mingw/bin/mingw32-make.exe -f Makefile cmTC_29aa3/fast && D:/mingw/bin/mingw32-make.exe  -f CMakeFiles\cmTC_29aa3.dir\build.make CMakeFiles/cmTC_29aa3.dir/build
mingw32-make.exe[1]: Entering directory 'D:/C++_Vscode/qd_language/build/CMakeFiles/CMakeTmp'
Building CXX object CMakeFiles/cmTC_29aa3.dir/testCXXCompiler.cxx.obj
D:\mingw\bin\g++.exe    -o CMakeFiles\cmTC_29aa3.dir\testCXXCompiler.cxx.obj -c D:\C++_Vscode\qd_language\build\CMakeFiles\CMakeTmp\testCXXCompiler.cxx
Linking CXX executable cmTC_29aa3.exe
D:\cmake\bin\cmake.exe -E cmake_link_script CMakeFiles\cmTC_29aa3.dir\link.txt --verbose=1
D:\cmake\bin\cmake.exe -E rm -f CMakeFiles\cmTC_29aa3.dir/objects.a
D:\mingw\bin\ar.exe qc CMakeFiles\cmTC_29aa3.dir/objects.a @CMakeFiles\cmTC_29aa3.dir\objects1.rsp
D:\mingw\bin\g++.exe -Wl,--whole-archive CMakeFiles\cmTC_29aa3.dir/objects.a -Wl,--no-whole-archive -o cmTC_29aa3.exe -Wl,--out-implib,libcmTC_29aa3.dll.a -Wl,--major-image-version,0,--minor-image-version,0 @CMakeFiles\cmTC_29aa3.dir\linklibs.rsp
mingw32-make.exe[1]: Leaving directory 'D:/C++_Vscode/qd_language/build/CMakeFiles/CMakeTmp'



